{
  "RSpec": {
    "coverage": {
      "/Users/evgeniasivtsova/Documents/projects/makersbnb/spec/user_repository_spec.rb": {
        "lines": [
          1,
          1,
          null,
          1,
          8,
          8,
          8,
          null,
          null,
          1,
          1,
          8,
          null,
          null,
          1,
          1,
          1,
          1,
          1,
          1,
          1,
          1,
          2,
          1,
          1,
          null,
          null,
          null,
          null,
          null,
          1,
          1,
          1,
          1,
          1,
          1,
          null,
          null,
          null,
          null,
          null,
          null,
          null,
          null,
          null,
          null,
          null,
          null,
          null,
          null,
          null,
          null,
          null,
          null,
          1,
          1,
          1,
          1,
          1,
          1,
          1,
          null,
          null,
          1,
          1,
          1,
          1,
          1,
          null,
          null,
          null,
          1,
          1,
          1,
          1,
          null,
          null,
          1,
          1,
          1,
          null,
          null,
          1,
          1,
          1,
          null,
          null,
          null,
          1,
          1,
          1,
          1,
          1,
          1,
          null,
          null
        ]
      },
      "/Users/evgeniasivtsova/Documents/projects/makersbnb/lib/user.rb": {
        "lines": [
          1,
          1,
          null
        ]
      },
      "/Users/evgeniasivtsova/Documents/projects/makersbnb/lib/user_repository.rb": {
        "lines": [
          1,
          1,
          null,
          1,
          1,
          8,
          8,
          8,
          8,
          34,
          34,
          null,
          8,
          null,
          null,
          1,
          1,
          null,
          1,
          1,
          null,
          null,
          null,
          null,
          null,
          null,
          null,
          null,
          null,
          1,
          2,
          2,
          2,
          2,
          1,
          null,
          1,
          null,
          1,
          null,
          null,
          1,
          3,
          3,
          3,
          3,
          null,
          null,
          1,
          2,
          2,
          null,
          4,
          null,
          null,
          1,
          null,
          1,
          37,
          37,
          37,
          37,
          37,
          37,
          37,
          null,
          null
        ]
      }
    },
    "timestamp": 1665930894
  }
}
